# JRE version: OpenJDK Runtime Environment (11.0.10) (build 11.0.10+0-b96-7249189)
# Java VM: OpenJDK 64-Bit Server VM (11.0.10+0-b96-7249189, mixed mode, tiered, compressed oops, g1 gc, windows-amd64)
Heap:
 garbage-first heap   total 260096K, used 218254K [0x0000000080000000, 0x0000000100000000)
  region size 1024K, 70 young (71680K), 5 survivors (5120K)
 Metaspace       used 132792K, capacity 137241K, committed 137472K, reserved 1167360K
  class space    used 17532K, capacity 19174K, committed 19200K, reserved 1048576K
GC Heap History (20 events):
Event: 15.122 GC heap before
{Heap before GC invocations=14 (full 0):
 garbage-first heap   total 260096K, used 182134K [0x0000000080000000, 0x0000000100000000)
  region size 1024K, 101 young (103424K), 12 survivors (12288K)
 Metaspace       used 83375K, capacity 85695K, committed 85888K, reserved 1124352K
  class space    used 10827K, capacity 11622K, committed 11648K, reserved 1048576K
}
Event: 15.137 GC heap after
{Heap after GC invocations=15 (full 0):
 garbage-first heap   total 260096K, used 96479K [0x0000000080000000, 0x0000000100000000)
  region size 1024K, 12 young (12288K), 12 survivors (12288K)
 Metaspace       used 83375K, capacity 85695K, committed 85888K, reserved 1124352K
  class space    used 10827K, capacity 11622K, committed 11648K, reserved 1048576K
}
Event: 16.377 GC heap before
{Heap before GC invocations=15 (full 0):
 garbage-first heap   total 260096K, used 188639K [0x0000000080000000, 0x0000000100000000)
  region size 1024K, 102 young (104448K), 12 survivors (12288K)
 Metaspace       used 92187K, capacity 94566K, committed 94720K, reserved 1130496K
  class space    used 11934K, capacity 12729K, committed 12800K, reserved 1048576K
}
Event: 16.390 GC heap after
{Heap after GC invocations=16 (full 0):
 garbage-first heap   total 260096K, used 101567K [0x0000000080000000, 0x0000000100000000)
  region size 1024K, 11 young (11264K), 11 survivors (11264K)
 Metaspace       used 92187K, capacity 94566K, committed 94720K, reserved 1130496K
  class space    used 11934K, capacity 12729K, committed 12800K, reserved 1048576K
}
Event: 17.545 GC heap before
{Heap before GC invocations=16 (full 0):
 garbage-first heap   total 260096K, used 193727K [0x0000000080000000, 0x0000000100000000)
  region size 1024K, 102 young (104448K), 11 survivors (11264K)
 Metaspace       used 97317K, capacity 100197K, committed 100224K, reserved 1136640K
  class space    used 12630K, capacity 13692K, committed 13696K, reserved 1048576K
}
Event: 17.558 GC heap after
{Heap after GC invocations=17 (full 0):
 garbage-first heap   total 260096K, used 107369K [0x0000000080000000, 0x0000000100000000)
  region size 1024K, 12 young (12288K), 12 survivors (12288K)
 Metaspace       used 97317K, capacity 100197K, committed 100224K, reserved 1136640K
  class space    used 12630K, capacity 13692K, committed 13696K, reserved 1048576K
}
Event: 19.280 GC heap before
{Heap before GC invocations=17 (full 0):
 garbage-first heap   total 260096K, used 198505K [0x0000000080000000, 0x0000000100000000)
  region size 1024K, 102 young (104448K), 12 survivors (12288K)
 Metaspace       used 105516K, capacity 108374K, committed 108416K, reserved 1142784K
  class space    used 13641K, capacity 14687K, committed 14720K, reserved 1048576K
}
Event: 19.291 GC heap after
{Heap after GC invocations=18 (full 0):
 garbage-first heap   total 260096K, used 112932K [0x0000000080000000, 0x0000000100000000)
  region size 1024K, 12 young (12288K), 12 survivors (12288K)
 Metaspace       used 105516K, capacity 108374K, committed 108416K, reserved 1142784K
  class space    used 13641K, capacity 14687K, committed 14720K, reserved 1048576K
}
Event: 20.025 GC heap before
{Heap before GC invocations=18 (full 0):
 garbage-first heap   total 260096K, used 204068K [0x0000000080000000, 0x0000000100000000)
  region size 1024K, 102 young (104448K), 12 survivors (12288K)
 Metaspace       used 112044K, capacity 115061K, committed 115328K, reserved 1148928K
  class space    used 14512K, capacity 15666K, committed 15744K, reserved 1048576K
}
Event: 20.037 GC heap after
{Heap after GC invocations=19 (full 0):
 garbage-first heap   total 260096K, used 117217K [0x0000000080000000, 0x0000000100000000)
  region size 1024K, 10 young (10240K), 10 survivors (10240K)
 Metaspace       used 112044K, capacity 115061K, committed 115328K, reserved 1148928K
  class space    used 14512K, capacity 15666K, committed 15744K, reserved 1048576K
}
Event: 54.707 GC heap before
{Heap before GC invocations=19 (full 0):
 garbage-first heap   total 260096K, used 207329K [0x0000000080000000, 0x0000000100000000)
  region size 1024K, 99 young (101376K), 10 survivors (10240K)
 Metaspace       used 115742K, capacity 119189K, committed 119424K, reserved 1153024K
  class space    used 14941K, capacity 16236K, committed 16256K, reserved 1048576K
}
Event: 54.721 GC heap after
{Heap after GC invocations=20 (full 0):
 garbage-first heap   total 260096K, used 125840K [0x0000000080000000, 0x0000000100000000)
  region size 1024K, 13 young (13312K), 13 survivors (13312K)
 Metaspace       used 115742K, capacity 119189K, committed 119424K, reserved 1153024K
  class space    used 14941K, capacity 16236K, committed 16256K, reserved 1048576K
}
Event: 55.120 GC heap before
{Heap before GC invocations=20 (full 0):
 garbage-first heap   total 260096K, used 157584K [0x0000000080000000, 0x0000000100000000)
  region size 1024K, 46 young (47104K), 13 survivors (13312K)
 Metaspace       used 116404K, capacity 119804K, committed 119896K, reserved 1153024K
  class space    used 15052K, capacity 16360K, committed 16384K, reserved 1048576K
}
Event: 55.136 GC heap after
{Heap after GC invocations=21 (full 0):
 garbage-first heap   total 260096K, used 127840K [0x0000000080000000, 0x0000000100000000)
  region size 1024K, 3 young (3072K), 3 survivors (3072K)
 Metaspace       used 116404K, capacity 119804K, committed 119896K, reserved 1153024K
  class space    used 15052K, capacity 16360K, committed 16384K, reserved 1048576K
}
Event: 62.281 GC heap before
{Heap before GC invocations=22 (full 0):
 garbage-first heap   total 260096K, used 208736K [0x0000000080000000, 0x0000000100000000)
  region size 1024K, 83 young (84992K), 3 survivors (3072K)
 Metaspace       used 120215K, capacity 123664K, committed 123904K, reserved 1157120K
  class space    used 15512K, capacity 16760K, committed 16896K, reserved 1048576K
}
Event: 62.289 GC heap after
{Heap after GC invocations=23 (full 0):
 garbage-first heap   total 260096K, used 133459K [0x0000000080000000, 0x0000000100000000)
  region size 1024K, 9 young (9216K), 9 survivors (9216K)
 Metaspace       used 120215K, capacity 123664K, committed 123904K, reserved 1157120K
  class space    used 15512K, capacity 16760K, committed 16896K, reserved 1048576K
}
Event: 62.986 GC heap before
{Heap before GC invocations=23 (full 0):
 garbage-first heap   total 260096K, used 210259K [0x0000000080000000, 0x0000000100000000)
  region size 1024K, 85 young (87040K), 9 survivors (9216K)
 Metaspace       used 123758K, capacity 127450K, committed 127488K, reserved 1159168K
  class space    used 16040K, capacity 17407K, committed 17408K, reserved 1048576K
}
Event: 62.997 GC heap after
{Heap after GC invocations=24 (full 0):
 garbage-first heap   total 260096K, used 138957K [0x0000000080000000, 0x0000000100000000)
  region size 1024K, 6 young (6144K), 6 survivors (6144K)
 Metaspace       used 123758K, capacity 127450K, committed 127488K, reserved 1159168K
  class space    used 16040K, capacity 17407K, committed 17408K, reserved 1048576K
}
Event: 64.100 GC heap before
{Heap before GC invocations=25 (full 0):
 garbage-first heap   total 260096K, used 205517K [0x0000000080000000, 0x0000000100000000)
  region size 1024K, 73 young (74752K), 6 survivors (6144K)
 Metaspace       used 130896K, capacity 135099K, committed 135168K, reserved 1165312K
  class space    used 17325K, capacity 18889K, committed 18944K, reserved 1048576K
}
Event: 64.113 GC heap after
{Heap after GC invocations=26 (full 0):
 garbage-first heap   total 260096K, used 142478K [0x0000000080000000, 0x0000000100000000)
  region size 1024K, 5 young (5120K), 5 survivors (5120K)
 Metaspace       used 130896K, capacity 135099K, committed 135168K, reserved 1165312K
  class space    used 17325K, capacity 18889K, committed 18944K, reserved 1048576K
}

