# JRE version: OpenJDK Runtime Environment (11.0.10) (build 11.0.10+0-b96-7249189)
# Java VM: OpenJDK 64-Bit Server VM (11.0.10+0-b96-7249189, mixed mode, tiered, compressed oops, g1 gc, windows-amd64)
Heap:
 garbage-first heap   total 707584K, used 238121K [0x0000000080000000, 0x0000000100000000)
  region size 1024K, 2 young (2048K), 2 survivors (2048K)
 Metaspace       used 132283K, capacity 136314K, committed 136576K, reserved 1167360K
  class space    used 17078K, capacity 18552K, committed 18560K, reserved 1048576K
GC Heap History (20 events):
Event: 176.247 GC heap after
{Heap after GC invocations=33 (full 0):
 garbage-first heap   total 260096K, used 214861K [0x0000000080000000, 0x0000000100000000)
  region size 1024K, 2 young (2048K), 2 survivors (2048K)
 Metaspace       used 131762K, capacity 135647K, committed 135808K, reserved 1167360K
  class space    used 17023K, capacity 18451K, committed 18560K, reserved 1048576K
}
Event: 176.285 GC heap before
{Heap before GC invocations=33 (full 0):
 garbage-first heap   total 260096K, used 225101K [0x0000000080000000, 0x0000000100000000)
  region size 1024K, 12 young (12288K), 2 survivors (2048K)
 Metaspace       used 131766K, capacity 135647K, committed 135808K, reserved 1167360K
  class space    used 17024K, capacity 18451K, committed 18560K, reserved 1048576K
}
Event: 176.292 GC heap after
{Heap after GC invocations=34 (full 0):
 garbage-first heap   total 260096K, used 221077K [0x0000000080000000, 0x0000000100000000)
  region size 1024K, 2 young (2048K), 2 survivors (2048K)
 Metaspace       used 131766K, capacity 135647K, committed 135808K, reserved 1167360K
  class space    used 17024K, capacity 18451K, committed 18560K, reserved 1048576K
}
Event: 176.328 GC heap before
{Heap before GC invocations=34 (full 0):
 garbage-first heap   total 260096K, used 230293K [0x0000000080000000, 0x0000000100000000)
  region size 1024K, 12 young (12288K), 2 survivors (2048K)
 Metaspace       used 131768K, capacity 135647K, committed 135808K, reserved 1167360K
  class space    used 17024K, capacity 18451K, committed 18560K, reserved 1048576K
}
Event: 176.335 GC heap after
{Heap after GC invocations=35 (full 0):
 garbage-first heap   total 260096K, used 227039K [0x0000000080000000, 0x0000000100000000)
  region size 1024K, 2 young (2048K), 2 survivors (2048K)
 Metaspace       used 131768K, capacity 135647K, committed 135808K, reserved 1167360K
  class space    used 17024K, capacity 18451K, committed 18560K, reserved 1048576K
}
Event: 176.366 GC heap before
{Heap before GC invocations=35 (full 0):
 garbage-first heap   total 260096K, used 237279K [0x0000000080000000, 0x0000000100000000)
  region size 1024K, 12 young (12288K), 2 survivors (2048K)
 Metaspace       used 131768K, capacity 135647K, committed 135808K, reserved 1167360K
  class space    used 17024K, capacity 18451K, committed 18560K, reserved 1048576K
}
Event: 176.374 GC heap after
{Heap after GC invocations=36 (full 0):
 garbage-first heap   total 260096K, used 232856K [0x0000000080000000, 0x0000000100000000)
  region size 1024K, 2 young (2048K), 2 survivors (2048K)
 Metaspace       used 131768K, capacity 135647K, committed 135808K, reserved 1167360K
  class space    used 17024K, capacity 18451K, committed 18560K, reserved 1048576K
}
Event: 176.421 GC heap before
{Heap before GC invocations=36 (full 0):
 garbage-first heap   total 260096K, used 243096K [0x0000000080000000, 0x0000000100000000)
  region size 1024K, 12 young (12288K), 2 survivors (2048K)
 Metaspace       used 131768K, capacity 135647K, committed 135808K, reserved 1167360K
  class space    used 17024K, capacity 18451K, committed 18560K, reserved 1048576K
}
Event: 176.428 GC heap after
{Heap after GC invocations=37 (full 0):
 garbage-first heap   total 260096K, used 238850K [0x0000000080000000, 0x0000000100000000)
  region size 1024K, 2 young (2048K), 2 survivors (2048K)
 Metaspace       used 131768K, capacity 135647K, committed 135808K, reserved 1167360K
  class space    used 17024K, capacity 18451K, committed 18560K, reserved 1048576K
}
Event: 176.538 GC heap before
{Heap before GC invocations=37 (full 0):
 garbage-first heap   total 260096K, used 248066K [0x0000000080000000, 0x0000000100000000)
  region size 1024K, 12 young (12288K), 2 survivors (2048K)
 Metaspace       used 131861K, capacity 135702K, committed 136064K, reserved 1167360K
  class space    used 17025K, capacity 18443K, committed 18560K, reserved 1048576K
}
Event: 176.548 GC heap after
{Heap after GC invocations=38 (full 0):
 garbage-first heap   total 260096K, used 242358K [0x0000000080000000, 0x0000000100000000)
  region size 1024K, 2 young (2048K), 2 survivors (2048K)
 Metaspace       used 131861K, capacity 135702K, committed 136064K, reserved 1167360K
  class space    used 17025K, capacity 18443K, committed 18560K, reserved 1048576K
}
Event: 176.596 GC heap before
{Heap before GC invocations=38 (full 0):
 garbage-first heap   total 260096K, used 252598K [0x0000000080000000, 0x0000000100000000)
  region size 1024K, 12 young (12288K), 2 survivors (2048K)
 Metaspace       used 131878K, capacity 135708K, committed 136064K, reserved 1167360K
  class space    used 17025K, capacity 18443K, committed 18560K, reserved 1048576K
}
Event: 176.609 GC heap after
{Heap after GC invocations=39 (full 0):
 garbage-first heap   total 359424K, used 244820K [0x0000000080000000, 0x0000000100000000)
  region size 1024K, 2 young (2048K), 2 survivors (2048K)
 Metaspace       used 131878K, capacity 135708K, committed 136064K, reserved 1167360K
  class space    used 17025K, capacity 18443K, committed 18560K, reserved 1048576K
}
Event: 176.878 GC heap before
{Heap before GC invocations=40 (full 0):
 garbage-first heap   total 359424K, used 279636K [0x0000000080000000, 0x0000000100000000)
  region size 1024K, 37 young (37888K), 2 survivors (2048K)
 Metaspace       used 132136K, capacity 136121K, committed 136320K, reserved 1167360K
  class space    used 17072K, capacity 18514K, committed 18560K, reserved 1048576K
}
Event: 176.887 GC heap after
{Heap after GC invocations=41 (full 0):
 garbage-first heap   total 359424K, used 248895K [0x0000000080000000, 0x0000000100000000)
  region size 1024K, 5 young (5120K), 5 survivors (5120K)
 Metaspace       used 132136K, capacity 136121K, committed 136320K, reserved 1167360K
  class space    used 17072K, capacity 18514K, committed 18560K, reserved 1048576K
}
Event: 177.054 GC heap before
{Heap before GC invocations=41 (full 0):
 garbage-first heap   total 359424K, used 274495K [0x0000000080000000, 0x0000000100000000)
  region size 1024K, 32 young (32768K), 5 survivors (5120K)
 Metaspace       used 132242K, capacity 136217K, committed 136320K, reserved 1167360K
  class space    used 17077K, capacity 18520K, committed 18560K, reserved 1048576K
}
Event: 177.065 GC heap after
{Heap after GC invocations=42 (full 0):
 garbage-first heap   total 359424K, used 251490K [0x0000000080000000, 0x0000000100000000)
  region size 1024K, 3 young (3072K), 3 survivors (3072K)
 Metaspace       used 132242K, capacity 136217K, committed 136320K, reserved 1167360K
  class space    used 17077K, capacity 18520K, committed 18560K, reserved 1048576K
}
Event: 177.479 GC heap before
{Heap before GC invocations=43 (full 0):
 garbage-first heap   total 359424K, used 279138K [0x0000000080000000, 0x0000000100000000)
  region size 1024K, 37 young (37888K), 3 survivors (3072K)
 Metaspace       used 132253K, capacity 136249K, committed 136320K, reserved 1167360K
  class space    used 17078K, capacity 18552K, committed 18560K, reserved 1048576K
}
Event: 177.491 GC heap after
{Heap after GC invocations=44 (full 0):
 garbage-first heap   total 359424K, used 247519K [0x0000000080000000, 0x0000000100000000)
  region size 1024K, 5 young (5120K), 5 survivors (5120K)
 Metaspace       used 132253K, capacity 136249K, committed 136320K, reserved 1167360K
  class space    used 17078K, capacity 18552K, committed 18560K, reserved 1048576K
}
Event: 177.600 GC heap before
{Heap before GC invocations=44 (full 0):
 garbage-first heap   total 359424K, used 259807K [0x0000000080000000, 0x0000000100000000)
  region size 1024K, 17 young (17408K), 5 survivors (5120K)
 Metaspace       used 132283K, capacity 136314K, committed 136576K, reserved 1167360K
  class space    used 17078K, capacity 18552K, committed 18560K, reserved 1048576K
}

