# JRE version: OpenJDK Runtime Environment (11.0.10) (build 11.0.10+0-b96-7249189)
# Java VM: OpenJDK 64-Bit Server VM (11.0.10+0-b96-7249189, mixed mode, tiered, compressed oops, g1 gc, windows-amd64)
Heap:
 garbage-first heap   total 312320K, used 19859K [0x0000000702200000, 0x0000000800000000)
  region size 1024K, 2 young (2048K), 2 survivors (2048K)
 Metaspace       used 35386K, capacity 35823K, committed 35920K, reserved 1081344K
  class space    used 4384K, capacity 4578K, committed 4608K, reserved 1048576K
GC Heap History (9 events):
Event: 0.510 GC heap before
{Heap before GC invocations=0 (full 0):
 garbage-first heap   total 260096K, used 27648K [0x0000000702200000, 0x0000000800000000)
  region size 1024K, 24 young (24576K), 0 survivors (0K)
 Metaspace       used 12356K, capacity 12504K, committed 12800K, reserved 1060864K
  class space    used 1165K, capacity 1207K, committed 1280K, reserved 1048576K
}
Event: 0.513 GC heap after
{Heap after GC invocations=1 (full 0):
 garbage-first heap   total 260096K, used 5965K [0x0000000702200000, 0x0000000800000000)
  region size 1024K, 3 young (3072K), 3 survivors (3072K)
 Metaspace       used 12356K, capacity 12504K, committed 12800K, reserved 1060864K
  class space    used 1165K, capacity 1207K, committed 1280K, reserved 1048576K
}
Event: 1.061 GC heap before
{Heap before GC invocations=1 (full 0):
 garbage-first heap   total 260096K, used 40781K [0x0000000702200000, 0x0000000800000000)
  region size 1024K, 38 young (38912K), 3 survivors (3072K)
 Metaspace       used 20897K, capacity 21099K, committed 21296K, reserved 1069056K
  class space    used 2228K, capacity 2315K, committed 2432K, reserved 1048576K
}
Event: 1.071 GC heap after
{Heap after GC invocations=2 (full 0):
 garbage-first heap   total 260096K, used 9130K [0x0000000702200000, 0x0000000800000000)
  region size 1024K, 6 young (6144K), 6 survivors (6144K)
 Metaspace       used 20897K, capacity 21099K, committed 21296K, reserved 1069056K
  class space    used 2228K, capacity 2315K, committed 2432K, reserved 1048576K
}
Event: 1.847 GC heap before
{Heap before GC invocations=3 (full 0):
 garbage-first heap   total 260096K, used 64426K [0x0000000702200000, 0x0000000800000000)
  region size 1024K, 55 young (56320K), 6 survivors (6144K)
 Metaspace       used 32561K, capacity 33060K, committed 33200K, reserved 1079296K
  class space    used 4074K, capacity 4254K, committed 4352K, reserved 1048576K
}
Event: 1.858 GC heap after
{Heap after GC invocations=4 (full 0):
 garbage-first heap   total 260096K, used 20276K [0x0000000702200000, 0x0000000800000000)
  region size 1024K, 7 young (7168K), 7 survivors (7168K)
 Metaspace       used 32561K, capacity 33060K, committed 33200K, reserved 1079296K
  class space    used 4074K, capacity 4254K, committed 4352K, reserved 1048576K
}
Event: 1.974 GC heap before
{Heap before GC invocations=4 (full 0):
 garbage-first heap   total 260096K, used 27444K [0x0000000702200000, 0x0000000800000000)
  region size 1024K, 14 young (14336K), 7 survivors (7168K)
 Metaspace       used 34089K, capacity 34596K, committed 34864K, reserved 1079296K
  class space    used 4241K, capacity 4446K, committed 4480K, reserved 1048576K
}
Event: 1.981 GC heap after
{Heap after GC invocations=5 (full 0):
 garbage-first heap   total 260096K, used 21702K [0x0000000702200000, 0x0000000800000000)
  region size 1024K, 2 young (2048K), 2 survivors (2048K)
 Metaspace       used 34089K, capacity 34596K, committed 34864K, reserved 1079296K
  class space    used 4241K, capacity 4446K, committed 4480K, reserved 1048576K
}
Event: 2.070 GC heap before
{Heap before GC invocations=5 (full 0):
 garbage-first heap   total 260096K, used 27846K [0x0000000702200000, 0x0000000800000000)
  region size 1024K, 9 young (9216K), 2 survivors (2048K)
 Metaspace       used 35386K, capacity 35823K, committed 35920K, reserved 1081344K
  class space    used 4384K, capacity 4578K, committed 4608K, reserved 1048576K
}

