# JRE version: OpenJDK Runtime Environment (11.0.10) (build 11.0.10+0-b96-7249189)
# Java VM: OpenJDK 64-Bit Server VM (11.0.10+0-b96-7249189, mixed mode, tiered, compressed oops, g1 gc, windows-amd64)
Heap:
 garbage-first heap   total 260096K, used 146586K [0x0000000080000000, 0x0000000100000000)
  region size 1024K, 74 young (75776K), 9 survivors (9216K)
 Metaspace       used 67444K, capacity 69330K, committed 69376K, reserved 1110016K
  class space    used 8581K, capacity 9216K, committed 9216K, reserved 1048576K
GC Heap History (14 events):
Event: 0.764 GC heap before
{Heap before GC invocations=0 (full 0):
 garbage-first heap   total 260096K, used 29696K [0x0000000080000000, 0x0000000100000000)
  region size 1024K, 24 young (24576K), 0 survivors (0K)
 Metaspace       used 9793K, capacity 9986K, committed 10112K, reserved 1058816K
  class space    used 1021K, capacity 1102K, committed 1152K, reserved 1048576K
}
Event: 0.769 GC heap after
{Heap after GC invocations=1 (full 0):
 garbage-first heap   total 260096K, used 9103K [0x0000000080000000, 0x0000000100000000)
  region size 1024K, 3 young (3072K), 3 survivors (3072K)
 Metaspace       used 9793K, capacity 9986K, committed 10112K, reserved 1058816K
  class space    used 1021K, capacity 1102K, committed 1152K, reserved 1048576K
}
Event: 2.385 GC heap before
{Heap before GC invocations=1 (full 0):
 garbage-first heap   total 260096K, used 105359K [0x0000000080000000, 0x0000000100000000)
  region size 1024K, 98 young (100352K), 3 survivors (3072K)
 Metaspace       used 20591K, capacity 21117K, committed 21248K, reserved 1067008K
  class space    used 2520K, capacity 2731K, committed 2816K, reserved 1048576K
}
Event: 2.395 GC heap after
{Heap after GC invocations=2 (full 0):
 garbage-first heap   total 260096K, used 16630K [0x0000000080000000, 0x0000000100000000)
  region size 1024K, 11 young (11264K), 11 survivors (11264K)
 Metaspace       used 20591K, capacity 21117K, committed 21248K, reserved 1067008K
  class space    used 2520K, capacity 2731K, committed 2816K, reserved 1048576K
}
Event: 2.967 GC heap before
{Heap before GC invocations=3 (full 0):
 garbage-first heap   total 260096K, used 83190K [0x0000000080000000, 0x0000000100000000)
  region size 1024K, 67 young (68608K), 11 survivors (11264K)
 Metaspace       used 26178K, capacity 26917K, committed 27008K, reserved 1073152K
  class space    used 3438K, capacity 3697K, committed 3712K, reserved 1048576K
}
Event: 2.977 GC heap after
{Heap after GC invocations=4 (full 0):
 garbage-first heap   total 260096K, used 31618K [0x0000000080000000, 0x0000000100000000)
  region size 1024K, 5 young (5120K), 5 survivors (5120K)
 Metaspace       used 26178K, capacity 26917K, committed 27008K, reserved 1073152K
  class space    used 3438K, capacity 3697K, committed 3712K, reserved 1048576K
}
Event: 3.743 GC heap before
{Heap before GC invocations=4 (full 0):
 garbage-first heap   total 260096K, used 92034K [0x0000000080000000, 0x0000000100000000)
  region size 1024K, 65 young (66560K), 5 survivors (5120K)
 Metaspace       used 34828K, capacity 35727K, committed 35840K, reserved 1081344K
  class space    used 4556K, capacity 4899K, committed 4992K, reserved 1048576K
}
Event: 3.754 GC heap after
{Heap after GC invocations=5 (full 0):
 garbage-first heap   total 260096K, used 35313K [0x0000000080000000, 0x0000000100000000)
  region size 1024K, 9 young (9216K), 9 survivors (9216K)
 Metaspace       used 34828K, capacity 35727K, committed 35840K, reserved 1081344K
  class space    used 4556K, capacity 4899K, committed 4992K, reserved 1048576K
}
Event: 4.831 GC heap before
{Heap before GC invocations=6 (full 0):
 garbage-first heap   total 260096K, used 146929K [0x0000000080000000, 0x0000000100000000)
  region size 1024K, 107 young (109568K), 9 survivors (9216K)
 Metaspace       used 43946K, capacity 45254K, committed 45440K, reserved 1089536K
  class space    used 5536K, capacity 5976K, committed 6016K, reserved 1048576K
}
Event: 4.850 GC heap after
{Heap after GC invocations=7 (full 0):
 garbage-first heap   total 260096K, used 52282K [0x0000000080000000, 0x0000000100000000)
  region size 1024K, 13 young (13312K), 13 survivors (13312K)
 Metaspace       used 43946K, capacity 45254K, committed 45440K, reserved 1089536K
  class space    used 5536K, capacity 5976K, committed 6016K, reserved 1048576K
}
Event: 6.110 GC heap before
{Heap before GC invocations=8 (full 0):
 garbage-first heap   total 260096K, used 174138K [0x0000000080000000, 0x0000000100000000)
  region size 1024K, 127 young (130048K), 13 survivors (13312K)
 Metaspace       used 49629K, capacity 51064K, committed 51200K, reserved 1093632K
  class space    used 6355K, capacity 6836K, committed 6912K, reserved 1048576K
}
Event: 6.126 GC heap after
{Heap after GC invocations=9 (full 0):
 garbage-first heap   total 260096K, used 69835K [0x0000000080000000, 0x0000000100000000)
  region size 1024K, 12 young (12288K), 12 survivors (12288K)
 Metaspace       used 49629K, capacity 51064K, committed 51200K, reserved 1093632K
  class space    used 6355K, capacity 6836K, committed 6912K, reserved 1048576K
}
Event: 7.427 GC heap before
{Heap before GC invocations=9 (full 0):
 garbage-first heap   total 260096K, used 183499K [0x0000000080000000, 0x0000000100000000)
  region size 1024K, 122 young (124928K), 12 survivors (12288K)
 Metaspace       used 63206K, capacity 65022K, committed 65280K, reserved 1105920K
  class space    used 8036K, capacity 8660K, committed 8704K, reserved 1048576K
}
Event: 7.439 GC heap after
{Heap after GC invocations=10 (full 0):
 garbage-first heap   total 260096K, used 80026K [0x0000000080000000, 0x0000000100000000)
  region size 1024K, 9 young (9216K), 9 survivors (9216K)
 Metaspace       used 63206K, capacity 65022K, committed 65280K, reserved 1105920K
  class space    used 8036K, capacity 8660K, committed 8704K, reserved 1048576K
}

