# JRE version: OpenJDK Runtime Environment (11.0.10) (build 11.0.10+0-b96-7249189)
# Java VM: OpenJDK 64-Bit Server VM (11.0.10+0-b96-7249189, mixed mode, tiered, compressed oops, g1 gc, windows-amd64)
Heap:
 garbage-first heap   total 470016K, used 175208K [0x0000000080000000, 0x0000000100000000)
  region size 1024K, 31 young (31744K), 10 survivors (10240K)
 Metaspace       used 156306K, capacity 161354K, committed 161536K, reserved 1189888K
  class space    used 19514K, capacity 21378K, committed 21504K, reserved 1048576K
GC Heap History (20 events):
Event: 7481.747 GC heap before
{Heap before GC invocations=63 (full 0):
 garbage-first heap   total 264192K, used 218458K [0x0000000080000000, 0x0000000100000000)
  region size 1024K, 41 young (41984K), 2 survivors (2048K)
 Metaspace       used 153525K, capacity 158428K, committed 158592K, reserved 1187840K
  class space    used 19308K, capacity 21068K, committed 21120K, reserved 1048576K
}
Event: 7481.753 GC heap after
{Heap after GC invocations=64 (full 0):
 garbage-first heap   total 264192K, used 180360K [0x0000000080000000, 0x0000000100000000)
  region size 1024K, 3 young (3072K), 3 survivors (3072K)
 Metaspace       used 153525K, capacity 158428K, committed 158592K, reserved 1187840K
  class space    used 19308K, capacity 21068K, committed 21120K, reserved 1048576K
}
Event: 7482.073 GC heap before
{Heap before GC invocations=65 (full 0):
 garbage-first heap   total 264192K, used 200840K [0x0000000080000000, 0x0000000100000000)
  region size 1024K, 43 young (44032K), 3 survivors (3072K)
 Metaspace       used 154268K, capacity 159213K, committed 159488K, reserved 1187840K
  class space    used 19370K, capacity 21180K, committed 21248K, reserved 1048576K
}
Event: 7482.081 GC heap after
{Heap after GC invocations=66 (full 0):
 garbage-first heap   total 264192K, used 165277K [0x0000000080000000, 0x0000000100000000)
  region size 1024K, 6 young (6144K), 6 survivors (6144K)
 Metaspace       used 154268K, capacity 159213K, committed 159488K, reserved 1187840K
  class space    used 19370K, capacity 21180K, committed 21248K, reserved 1048576K
}
Event: 7482.146 GC heap before
{Heap before GC invocations=66 (full 0):
 garbage-first heap   total 264192K, used 171421K [0x0000000080000000, 0x0000000100000000)
  region size 1024K, 12 young (12288K), 6 survivors (6144K)
 Metaspace       used 154308K, capacity 159283K, committed 159488K, reserved 1187840K
  class space    used 19371K, capacity 21182K, committed 21248K, reserved 1048576K
}
Event: 7482.158 GC heap after
{Heap after GC invocations=67 (full 0):
 garbage-first heap   total 264192K, used 145181K [0x0000000080000000, 0x0000000100000000)
  region size 1024K, 2 young (2048K), 2 survivors (2048K)
 Metaspace       used 154308K, capacity 159283K, committed 159488K, reserved 1187840K
  class space    used 19371K, capacity 21182K, committed 21248K, reserved 1048576K
}
Event: 7482.898 GC heap before
{Heap before GC invocations=67 (full 0):
 garbage-first heap   total 264192K, used 207645K [0x0000000080000000, 0x0000000100000000)
  region size 1024K, 65 young (66560K), 2 survivors (2048K)
 Metaspace       used 154908K, capacity 159974K, committed 160128K, reserved 1187840K
  class space    used 19453K, capacity 21299K, committed 21376K, reserved 1048576K
}
Event: 7482.909 GC heap after
{Heap after GC invocations=68 (full 0):
 garbage-first heap   total 264192K, used 149172K [0x0000000080000000, 0x0000000100000000)
  region size 1024K, 6 young (6144K), 6 survivors (6144K)
 Metaspace       used 154908K, capacity 159974K, committed 160128K, reserved 1187840K
  class space    used 19453K, capacity 21299K, committed 21376K, reserved 1048576K
}
Event: 7483.271 GC heap before
{Heap before GC invocations=69 (full 0):
 garbage-first heap   total 264192K, used 211636K [0x0000000080000000, 0x0000000100000000)
  region size 1024K, 67 young (68608K), 6 survivors (6144K)
 Metaspace       used 155267K, capacity 160351K, committed 160384K, reserved 1187840K
  class space    used 19497K, capacity 21358K, committed 21376K, reserved 1048576K
}
Event: 7483.279 GC heap after
{Heap after GC invocations=70 (full 0):
 garbage-first heap   total 264192K, used 152993K [0x0000000080000000, 0x0000000100000000)
  region size 1024K, 9 young (9216K), 9 survivors (9216K)
 Metaspace       used 155267K, capacity 160351K, committed 160384K, reserved 1187840K
  class space    used 19497K, capacity 21358K, committed 21376K, reserved 1048576K
}
Event: 7483.290 GC heap before
{Heap before GC invocations=70 (full 0):
 garbage-first heap   total 264192K, used 155041K [0x0000000080000000, 0x0000000100000000)
  region size 1024K, 12 young (12288K), 9 survivors (9216K)
 Metaspace       used 155271K, capacity 160354K, committed 160384K, reserved 1187840K
  class space    used 19497K, capacity 21359K, committed 21376K, reserved 1048576K
}
Event: 7483.305 GC heap after
{Heap after GC invocations=71 (full 0):
 garbage-first heap   total 328704K, used 146045K [0x0000000080000000, 0x0000000100000000)
  region size 1024K, 2 young (2048K), 2 survivors (2048K)
 Metaspace       used 155271K, capacity 160354K, committed 160384K, reserved 1187840K
  class space    used 19497K, capacity 21359K, committed 21376K, reserved 1048576K
}
Event: 7483.767 GC heap before
{Heap before GC invocations=71 (full 0):
 garbage-first heap   total 328704K, used 252541K [0x0000000080000000, 0x0000000100000000)
  region size 1024K, 107 young (109568K), 2 survivors (2048K)
 Metaspace       used 155568K, capacity 160656K, committed 160896K, reserved 1189888K
  class space    used 19505K, capacity 21371K, committed 21376K, reserved 1048576K
}
Event: 7483.792 GC heap after
{Heap after GC invocations=72 (full 0):
 garbage-first heap   total 328704K, used 151588K [0x0000000080000000, 0x0000000100000000)
  region size 1024K, 7 young (7168K), 7 survivors (7168K)
 Metaspace       used 155568K, capacity 160656K, committed 160896K, reserved 1189888K
  class space    used 19505K, capacity 21371K, committed 21376K, reserved 1048576K
}
Event: 7484.341 GC heap before
{Heap before GC invocations=73 (full 0):
 garbage-first heap   total 328704K, used 258084K [0x0000000080000000, 0x0000000100000000)
  region size 1024K, 112 young (114688K), 7 survivors (7168K)
 Metaspace       used 155913K, capacity 161005K, committed 161152K, reserved 1189888K
  class space    used 19510K, capacity 21373K, committed 21376K, reserved 1048576K
}
Event: 7484.350 GC heap after
{Heap after GC invocations=74 (full 0):
 garbage-first heap   total 328704K, used 152275K [0x0000000080000000, 0x0000000100000000)
  region size 1024K, 8 young (8192K), 8 survivors (8192K)
 Metaspace       used 155913K, capacity 161005K, committed 161152K, reserved 1189888K
  class space    used 19510K, capacity 21373K, committed 21376K, reserved 1048576K
}
Event: 7484.997 GC heap before
{Heap before GC invocations=74 (full 0):
 garbage-first heap   total 328704K, used 263891K [0x0000000080000000, 0x0000000100000000)
  region size 1024K, 117 young (119808K), 8 survivors (8192K)
 Metaspace       used 156223K, capacity 161283K, committed 161408K, reserved 1189888K
  class space    used 19513K, capacity 21376K, committed 21376K, reserved 1048576K
}
Event: 7485.018 GC heap after
{Heap after GC invocations=75 (full 0):
 garbage-first heap   total 328704K, used 152179K [0x0000000080000000, 0x0000000100000000)
  region size 1024K, 8 young (8192K), 8 survivors (8192K)
 Metaspace       used 156223K, capacity 161283K, committed 161408K, reserved 1189888K
  class space    used 19513K, capacity 21376K, committed 21376K, reserved 1048576K
}
Event: 7485.439 GC heap before
{Heap before GC invocations=76 (full 0):
 garbage-first heap   total 328704K, used 268915K [0x0000000080000000, 0x0000000100000000)
  region size 1024K, 122 young (124928K), 8 survivors (8192K)
 Metaspace       used 156293K, capacity 161353K, committed 161536K, reserved 1189888K
  class space    used 19514K, capacity 21378K, committed 21504K, reserved 1048576K
}
Event: 7485.466 GC heap after
{Heap after GC invocations=77 (full 0):
 garbage-first heap   total 470016K, used 154728K [0x0000000080000000, 0x0000000100000000)
  region size 1024K, 10 young (10240K), 10 survivors (10240K)
 Metaspace       used 156293K, capacity 161353K, committed 161536K, reserved 1189888K
  class space    used 19514K, capacity 21378K, committed 21504K, reserved 1048576K
}

